<?xml version="1.0" encoding="UTF-8"?>
<!-- Generated by org.testng.reporters.JUnitXMLReporter -->
<testsuite ignored="0" hostname="LAPTOP-OB76D41L" failures="0" tests="3" name="CarLoan" time="0.013" errors="0" timestamp="2022-06-22T09:20:20 EDT">
  <testcase classname="testNG.Demo3" name="loginApICarLoan" time="0.001"/>
  <testcase classname="testNG.Demo3" name="mobileloginCarLoan" time="0.004"/>
  <testcase classname="testNG.Demo3" name="webloginCarLoan" time="0.001"/>
</testsuite> <!-- CarLoan -->
