<?xml version="1.0" encoding="UTF-8"?>
<!-- Generated by org.testng.reporters.JUnitXMLReporter -->
<testsuite ignored="0" hostname="LAPTOP-OB76D41L" failures="0" tests="3" name="HomeLoan" time="0.016" errors="0" timestamp="2022-06-22T09:20:20 EDT">
  <testcase classname="testNG.Demo4" name="loginApIHomeLoan" time="0.001"/>
  <testcase classname="testNG.Demo4" name="mobileloginHomeLoan" time="0.003"/>
  <testcase classname="testNG.Demo4" name="webloginhomeLoan" time="0.001"/>
</testsuite> <!-- HomeLoan -->
