<?xml version="1.0" encoding="UTF-8"?>
<!-- Generated by org.testng.reporters.JUnitXMLReporter -->
<testsuite ignored="0" hostname="LAPTOP-OB76D41L" failures="0" tests="4" name="TestExample1" time="0.067" errors="0" timestamp="2022-06-22T09:20:20 EDT">
  <testcase classname="testNG.Demo1" name="test1" time="0.01"/>
  <testcase classname="testNG.Demo1" name="test2" time="0.001"/>
  <testcase classname="testNG.Demo2" name="test3" time="0.001"/>
  <testcase classname="testNG.Demo2" name="test4" time="0.005"/>
</testsuite> <!-- TestExample1 -->
