<?xml version="1.0" encoding="UTF-8"?>
<!-- Generated by org.testng.reporters.JUnitXMLReporter -->
<testsuite ignored="0" hostname="LAPTOP-OB76D41L" failures="0" tests="3" name="Default test" time="0.113" errors="0" timestamp="2022-06-22T09:13:31 EDT">
  <testcase classname="testNG.Demo4" name="loginApIHomeLoan" time="0.012"/>
  <testcase classname="testNG.Demo4" name="mobileloginHomeLoan" time="0.004"/>
  <testcase classname="testNG.Demo4" name="webloginhomeLoan" time="0.003"/>
</testsuite> <!-- Default test -->
