<?xml version="1.0" encoding="UTF-8"?>
<testng-results ignored="0" total="10" passed="10" failed="0" skipped="0">
  <reporter-output>
  </reporter-output>
  <suite started-at="2022-06-22T09:20:19 EDT" name="Examples" finished-at="2022-06-22T09:20:20 EDT" duration-ms="197">
    <groups>
    </groups>
    <test started-at="2022-06-22T09:20:19 EDT" name="TestExample1" finished-at="2022-06-22T09:20:19 EDT" duration-ms="67">
      <class name="testNG.Demo2">
        <test-method signature="test3()[pri:0, instance:testNG.Demo2@4229bb3f]" started-at="2022-06-22T09:20:19 EDT" name="test3" finished-at="2022-06-22T09:20:19 EDT" duration-ms="1" status="PASS">
          <reporter-output>
          </reporter-output>
        </test-method> <!-- test3 -->
        <test-method signature="test4()[pri:0, instance:testNG.Demo2@4229bb3f]" started-at="2022-06-22T09:20:19 EDT" name="test4" finished-at="2022-06-22T09:20:19 EDT" duration-ms="5" status="PASS">
          <reporter-output>
          </reporter-output>
        </test-method> <!-- test4 -->
      </class> <!-- testNG.Demo2 -->
      <class name="testNG.Demo1">
        <test-method signature="test1()[pri:0, instance:testNG.Demo1@28f3b248]" started-at="2022-06-22T09:20:19 EDT" name="test1" finished-at="2022-06-22T09:20:19 EDT" duration-ms="10" status="PASS">
          <reporter-output>
          </reporter-output>
        </test-method> <!-- test1 -->
        <test-method signature="test2()[pri:0, instance:testNG.Demo1@28f3b248]" started-at="2022-06-22T09:20:19 EDT" name="test2" finished-at="2022-06-22T09:20:19 EDT" duration-ms="1" status="PASS">
          <reporter-output>
          </reporter-output>
        </test-method> <!-- test2 -->
      </class> <!-- testNG.Demo1 -->
    </test> <!-- TestExample1 -->
    <test started-at="2022-06-22T09:20:20 EDT" name="CarLoan" finished-at="2022-06-22T09:20:20 EDT" duration-ms="13">
      <class name="testNG.Demo3">
        <test-method signature="loginApICarLoan()[pri:0, instance:testNG.Demo3@67f639d3]" started-at="2022-06-22T09:20:20 EDT" name="loginApICarLoan" finished-at="2022-06-22T09:20:20 EDT" duration-ms="1" status="PASS">
          <reporter-output>
          </reporter-output>
        </test-method> <!-- loginApICarLoan -->
        <test-method signature="mobileloginCarLoan()[pri:0, instance:testNG.Demo3@67f639d3]" started-at="2022-06-22T09:20:20 EDT" name="mobileloginCarLoan" finished-at="2022-06-22T09:20:20 EDT" duration-ms="4" status="PASS">
          <reporter-output>
          </reporter-output>
        </test-method> <!-- mobileloginCarLoan -->
        <test-method signature="webloginCarLoan()[pri:0, instance:testNG.Demo3@67f639d3]" started-at="2022-06-22T09:20:20 EDT" name="webloginCarLoan" finished-at="2022-06-22T09:20:20 EDT" duration-ms="1" status="PASS">
          <reporter-output>
          </reporter-output>
        </test-method> <!-- webloginCarLoan -->
      </class> <!-- testNG.Demo3 -->
    </test> <!-- CarLoan -->
    <test started-at="2022-06-22T09:20:20 EDT" name="HomeLoan" finished-at="2022-06-22T09:20:20 EDT" duration-ms="16">
      <class name="testNG.Demo4">
        <test-method signature="loginApIHomeLoan()[pri:0, instance:testNG.Demo4@26e356f0]" started-at="2022-06-22T09:20:20 EDT" name="loginApIHomeLoan" finished-at="2022-06-22T09:20:20 EDT" duration-ms="1" status="PASS">
          <reporter-output>
          </reporter-output>
        </test-method> <!-- loginApIHomeLoan -->
        <test-method signature="mobileloginHomeLoan()[pri:0, instance:testNG.Demo4@26e356f0]" started-at="2022-06-22T09:20:20 EDT" name="mobileloginHomeLoan" finished-at="2022-06-22T09:20:20 EDT" duration-ms="3" status="PASS">
          <reporter-output>
          </reporter-output>
        </test-method> <!-- mobileloginHomeLoan -->
        <test-method signature="webloginhomeLoan()[pri:0, instance:testNG.Demo4@26e356f0]" started-at="2022-06-22T09:20:20 EDT" name="webloginhomeLoan" finished-at="2022-06-22T09:20:20 EDT" duration-ms="1" status="PASS">
          <reporter-output>
          </reporter-output>
        </test-method> <!-- webloginhomeLoan -->
      </class> <!-- testNG.Demo4 -->
    </test> <!-- HomeLoan -->
  </suite> <!-- Examples -->
</testng-results>
